App/BandGsrApp/BandGsrApp/build/outputs/logs/manifest-merger-debug-report.txt
-- Merging decision tree log ---
manifest
ADDED from BandGsrApp\BandGsrApp\AndroidManifest.xml:2:1-37:12
INJECTED from BandGsrApp\BandGsrApp\AndroidManifest.xml:2:1-37:12
INJECTED from BandGsrApp\BandGsrApp\AndroidManifest.xml:2:1-37:12
MERGED from [com.android.support:appcompat-v7:23.4.0] AndroidManifest.xml:17:1-27:12
MERGED from [com.android.support.constraint:constraint-layout:1.1.3] AndroidManifest.xml:2:1-11:12
MERGED from [com.android.support:animated-vector-drawable:23.4.0] AndroidManifest.xml:2:1-9:12
MERGED from [com.android.support:support-vector-drawable:23.4.0] AndroidManifest.xml:2:1-9:12
MERGED from [com.android.support:support-v4:23.4.0] AndroidManifest.xml:17:1-24:12
INJECTED from BandGsrApp\BandGsrApp\AndroidManifest.xml:2:1-37:12
INJECTED from BandGsrApp\BandGsrApp\AndroidManifest.xml:2:1-37:12
	package
		ADDED from BandGsrApp\BandGsrApp\AndroidManifest.xml:3:5-41
	android:versionName
		ADDED from BandGsrApp\BandGsrApp\AndroidManifest.xml:5:5-30
		INJECTED from BandGsrApp\BandGsrApp\AndroidManifest.xml
		INJECTED from BandGsrApp\BandGsrApp\AndroidManifest.xml
	xmlns:android
		ADDED from BandGsrApp\BandGsrApp\AndroidManifest.xml:2:11-69
	android:versionCode
		ADDED from BandGsrApp\BandGsrApp\AndroidManifest.xml:4:5-28
		INJECTED from BandGsrApp\BandGsrApp\AndroidManifest.xml
		INJECTED from BandGsrApp\BandGsrApp\AndroidManifest.xml
uses-permission#android.permission.BLUETOOTH
ADDED from BandGsrApp\BandGsrApp\AndroidManifest.xml:7:5-68
	android:name
		ADDED from BandGsrApp\BandGsrApp\AndroidManifest.xml:7:22-65
uses-permission#com.microsoft.band.service.access.BIND_BAND_SERVICE
ADDED from BandGsrApp\BandGsrApp\AndroidManifest.xml:8:5-91
	android:name
		ADDED from BandGsrApp\BandGsrApp\AndroidManifest.xml:8:22-88
uses-permission#android.permission.WRITE_EXTERNAL_STORAGE
ADDED from BandGsrApp\BandGsrApp\AndroidManifest.xml:9:5-81
	android:name
		ADDED from BandGsrApp\BandGsrApp\AndroidManifest.xml:9:22-78
uses-permission#android.permission.GET_ACCOUNTS
ADDED from BandGsrApp\BandGsrApp\AndroidManifest.xml:12:5-71
	android:name
		ADDED from BandGsrApp\BandGsrApp\AndroidManifest.xml:12:22-68
uses-permission#android.permission.READ_PROFILE
ADDED from BandGsrApp\BandGsrApp\AndroidManifest.xml:13:5-71
	android:name
		ADDED from BandGsrApp\BandGsrApp\AndroidManifest.xml:13:22-68
uses-permission#android.permission.READ_CONTACTS
ADDED from BandGsrApp\BandGsrApp\AndroidManifest.xml:14:5-72
	android:name
		ADDED from BandGsrApp\BandGsrApp\AndroidManifest.xml:14:22-69
application
ADDED from BandGsrApp\BandGsrApp\AndroidManifest.xml:16:5-35:19
MERGED from [com.android.support:appcompat-v7:23.4.0] AndroidManifest.xml:25:5-20
MERGED from [com.android.support:appcompat-v7:23.4.0] AndroidManifest.xml:25:5-20
MERGED from [com.android.support.constraint:constraint-layout:1.1.3] AndroidManifest.xml:9:5-20
MERGED from [com.android.support.constraint:constraint-layout:1.1.3] AndroidManifest.xml:9:5-20
MERGED from [com.android.support:animated-vector-drawable:23.4.0] AndroidManifest.xml:7:5-20
MERGED from [com.android.support:animated-vector-drawable:23.4.0] AndroidManifest.xml:7:5-20
MERGED from [com.android.support:support-vector-drawable:23.4.0] AndroidManifest.xml:7:5-20
MERGED from [com.android.support:support-vector-drawable:23.4.0] AndroidManifest.xml:7:5-20
MERGED from [com.android.support:support-v4:23.4.0] AndroidManifest.xml:22:5-20
MERGED from [com.android.support:support-v4:23.4.0] AndroidManifest.xml:22:5-20
	android:label
		ADDED from BandGsrApp\BandGsrApp\AndroidManifest.xml:19:9-41
	android:icon
		ADDED from BandGsrApp\BandGsrApp\AndroidManifest.xml:18:9-45
	android:allowBackup
		ADDED from BandGsrApp\BandGsrApp\AndroidManifest.xml:17:9-35
	android:theme
		ADDED from BandGsrApp\BandGsrApp\AndroidManifest.xml:20:9-40
activity#com.microsoft.band.sdk.gsr.BandGsrAppActivity
ADDED from BandGsrApp\BandGsrApp\AndroidManifest.xml:21:9-30:20
	android:screenOrientation
		ADDED from BandGsrApp\BandGsrApp\AndroidManifest.xml:24:13-49
	android:label
		ADDED from BandGsrApp\BandGsrApp\AndroidManifest.xml:23:13-45
	android:name
		ADDED from BandGsrApp\BandGsrApp\AndroidManifest.xml:22:13-47
intent-filter#action:name:android.intent.action.MAIN+category:name:android.intent.category.LAUNCHER
ADDED from BandGsrApp\BandGsrApp\AndroidManifest.xml:25:13-29:29
action#android.intent.action.MAIN
ADDED from BandGsrApp\BandGsrApp\AndroidManifest.xml:26:17-69
	android:name
		ADDED from BandGsrApp\BandGsrApp\AndroidManifest.xml:26:25-66
category#android.intent.category.LAUNCHER
ADDED from BandGsrApp\BandGsrApp\AndroidManifest.xml:28:17-77
	android:name
		ADDED from BandGsrApp\BandGsrApp\AndroidManifest.xml:28:27-74
service#com.microsoft.band.sdk.gsr.DataCollectionService
ADDED from BandGsrApp\BandGsrApp\AndroidManifest.xml:32:9-58
	android:name
		ADDED from BandGsrApp\BandGsrApp\AndroidManifest.xml:32:18-55
activity#com.microsoft.band.sdk.gsr.LoginActivity
ADDED from BandGsrApp\BandGsrApp\AndroidManifest.xml:34:9-60
	android:name
		ADDED from BandGsrApp\BandGsrApp\AndroidManifest.xml:34:19-48
uses-sdk
INJECTED from BandGsrApp\BandGsrApp\AndroidManifest.xml reason: use-sdk injection requested
INJECTED from BandGsrApp\BandGsrApp\AndroidManifest.xml
MERGED from [com.android.support:appcompat-v7:23.4.0] AndroidManifest.xml:21:5-23:78
MERGED from [com.android.support:appcompat-v7:23.4.0] AndroidManifest.xml:21:5-23:78
MERGED from [com.android.support.constraint:constraint-layout:1.1.3] AndroidManifest.xml:5:5-7:41
MERGED from [com.android.support.constraint:constraint-layout:1.1.3] AndroidManifest.xml:5:5-7:41
MERGED from [com.android.support:animated-vector-drawable:23.4.0] AndroidManifest.xml:5:5-44
MERGED from [com.android.support:animated-vector-drawable:23.4.0] AndroidManifest.xml:5:5-44
MERGED from [com.android.support:support-vector-drawable:23.4.0] AndroidManifest.xml:5:5-43
MERGED from [com.android.support:support-vector-drawable:23.4.0] AndroidManifest.xml:5:5-43
MERGED from [com.android.support:support-v4:23.4.0] AndroidManifest.xml:20:5-43
MERGED from [com.android.support:support-v4:23.4.0] AndroidManifest.xml:20:5-43
INJECTED from BandGsrApp\BandGsrApp\AndroidManifest.xml
	tools:overrideLibrary
		ADDED from [com.android.support:appcompat-v7:23.4.0] AndroidManifest.xml:23:9-75
	android:targetSdkVersion
		ADDED from [com.android.support.constraint:constraint-layout:1.1.3] AndroidManifest.xml:7:9-38
	android:minSdkVersion
		INJECTED from BandGsrApp\BandGsrApp\AndroidManifest.xml
		ADDED from BandGsrApp\BandGsrApp\AndroidManifest.xml
		INJECTED from BandGsrApp\BandGsrApp\AndroidManifest.xml